<?xml version="1.0" encoding="UTF-8"?>
<!-- Generated by org.testng.reporters.JUnitReportReporter -->
<testsuite hostname="LAPTOP-F3H25OHD" failures="0" tests="2" name="TestCases.VerifyLoginPage" time="132.017" errors="0" timestamp="2022-07-11T22:55:42 IST" skipped="0">
  <testcase classname="TestCases.VerifyLoginPage" name="logInVerification" time="58.326"/>
  <system-out/>
  <testcase classname="TestCases.VerifyLoginPage" name="logInVerification" time="73.691"/>
  <system-out/>
</testsuite> <!-- TestCases.VerifyLoginPage -->
